<?xml version="1.0" encoding="UTF-8"?>
<!-- Generated by org.testng.reporters.JUnitReportReporter -->
<testsuite skipped="0" hostname="Lenovo-PC" name="SimpleTestngPackage.OpenGmailTestng" tests="2" failures="0" timestamp="03 Mar 2019 13:33:20 GMT" time="0.005" errors="0">
  <testcase name="f" time="0.002" classname="SimpleTestngPackage.OpenGmailTestng"/>
  <testcase name="f" time="0.003" classname="SimpleTestngPackage.OpenGmailTestng"/>
</testsuite> <!-- SimpleTestngPackage.OpenGmailTestng -->
